2021-07-13 18:22:48 Version 31
2021-07-13 18:22:48 E:\software\CocosCreator-v3.3.3\resources\tools\lightmap-tools/LightFX http://127.0.0.1:8000 
2021-07-13 18:22:48 Load Texture 'E:\showmaterial-5-28 - v3.3\material-examples\show-material\assets\meshes\robot\CyborgEnemy01_BC.TGA' failed
2021-07-13 18:22:48 Load Texture 'E:\showmaterial-5-28 - v3.3\material-examples\show-material\assets\textures\bear_skin\SamBearskinRug_c.TGA' failed
2021-07-13 18:22:48 Load Texture 'E:\showmaterial-5-28 - v3.3\material-examples\show-material\assets\textures\wood_wall\WoodPlanksRough_c_c.TGA' failed
2021-07-13 18:22:48 Load Texture 'E:\showmaterial-5-28 - v3.3\material-examples\show-material\assets\textures\wall_green\PlasterWall_a_c.TGA' failed
2021-07-13 18:22:48 Load Texture 'E:\showmaterial-5-28 - v3.3\material-examples\show-material\assets\textures\wood_wall\WoodPlanksRough_c_c.TGA' failed
2021-07-13 18:22:48 Load Texture 'E:\showmaterial-5-28 - v3.3\material-examples\show-material\assets\textures\wood_wall\WoodPlanksRough_c_c.TGA' failed
2021-07-13 18:22:48 Load Texture 'E:\showmaterial-5-28 - v3.3\material-examples\show-material\assets\textures\BBQ_T\BarbecueGrill_a_c.TGA' failed
2021-07-13 18:22:48 Load Texture 'E:\showmaterial-5-28 - v3.3\material-examples\show-material\assets\textures\BBQ_T\BarbecueGrill_a_c.TGA' failed
2021-07-13 18:22:48 Load Texture 'E:\showmaterial-5-28 - v3.3\material-examples\show-material\assets\textures\PropaneTank\PropaneTank_a_c.TGA' failed
2021-07-13 18:22:48 Load Texture 'E:\showmaterial-5-28 - v3.3\material-examples\show-material\assets\textures\PropaneTank\PropaneTank_a_c.TGA' failed
2021-07-13 18:22:48 Load Texture 'E:\showmaterial-5-28 - v3.3\material-examples\show-material\assets\textures\wood_house_c\WoodRough_c_c.TGA' failed
2021-07-13 18:22:48 Load Texture 'E:\showmaterial-5-28 - v3.3\material-examples\show-material\assets\textures\metal_grinded\metal_grinded_basecolor.tga' failed
2021-07-13 18:22:48 Load Texture 'E:\showmaterial-5-28 - v3.3\material-examples\show-material\assets\textures\wood_window\ShelfWoodTrim_a_c.TGA' failed
2021-07-13 18:22:48 Load Texture 'E:\showmaterial-5-28 - v3.3\material-examples\show-material\assets\textures\LAWN\LawnChairStraps_a_c.TGA' failed
2021-07-13 18:22:48 Load Texture 'E:\showmaterial-5-28 - v3.3\material-examples\show-material\assets\textures\compressionback\CompressionBag_a_c.TGA' failed
2021-07-13 18:22:48 Load Texture 'E:\showmaterial-5-28 - v3.3\material-examples\show-material\assets\textures\plastic_white\Plastic_a_c.TGA' failed
2021-07-13 18:22:48 Load Texture 'E:\showmaterial-5-28 - v3.3\material-examples\show-material\assets\textures\wood_cabinet\WoodRough_b_c.TGA' failed
2021-07-13 18:22:48 Texture 'E:\showmaterial-5-28 - v3.3\material-examples\show-material\assets\textures\metal_ball\DefaultMaterial_Base_Color.png' loaded
2021-07-13 18:22:48 Load Texture 'E:\showmaterial-5-28 - v3.3\material-examples\show-material\assets\textures\wood_window\ShelfWoodTrim_a_c.TGA' failed
2021-07-13 18:22:48 Load Texture 'E:\showmaterial-5-28 - v3.3\material-examples\show-material\assets\textures\plastic_white\Plastic_a_c.TGA' failed
2021-07-13 18:22:48 Load Texture 'E:\showmaterial-5-28 - v3.3\material-examples\show-material\assets\textures\wood_window\ShelfWoodTrim_a_c.TGA' failed
2021-07-13 18:22:48 Load Texture 'E:\showmaterial-5-28 - v3.3\material-examples\show-material\assets\textures\wood_cabinet\WoodRough_b_c.TGA' failed
2021-07-13 18:22:48 Load Texture 'E:\showmaterial-5-28 - v3.3\material-examples\show-material\assets\textures\metal_grinded\metal_grinded_basecolor.tga' failed
2021-07-13 18:22:48 Load Texture 'E:\showmaterial-5-28 - v3.3\material-examples\show-material\assets\textures\cloth_orange\T_Fabric_CorduroyVarA_BC.TGA' failed
2021-07-13 18:22:48 Load Texture 'E:\showmaterial-5-28 - v3.3\material-examples\show-material\assets\textures\wood_desk\ShelfWood_a_c.TGA' failed
2021-07-13 18:22:48 Load Texture 'E:\showmaterial-5-28 - v3.3\material-examples\show-material\assets\textures\wood_window\ShelfWoodTrim_a_c.TGA' failed
2021-07-13 18:22:48 Load Texture 'E:\showmaterial-5-28 - v3.3\material-examples\show-material\assets\textures\wood_cabinet\WoodRough_b_c.TGA' failed
2021-07-13 18:22:48 Load Texture 'E:\showmaterial-5-28 - v3.3\material-examples\show-material\assets\textures\room_bed\SamRoomBed_a_c.TGA' failed
2021-07-13 18:22:48 Load Texture 'E:\showmaterial-5-28 - v3.3\material-examples\show-material\assets\textures\room-bed-down\HospitalBed_c.TGA' failed
2021-07-13 18:22:48 Texture 'E:\showmaterial-5-28 - v3.3\material-examples\show-material\assets\textures\cloth-red\PW_CottonFabric_basecolor_alpha.png' loaded
2021-07-13 18:22:48 Load Texture 'E:\showmaterial-5-28 - v3.3\material-examples\show-material\assets\textures\wall_green\PlasterWall_a_c.TGA' failed
2021-07-13 18:22:48 Load Texture 'E:\showmaterial-5-28 - v3.3\material-examples\show-material\assets\textures\wood_desk\ShelfWood_a_c.TGA' failed
2021-07-13 18:22:48 Load Texture 'E:\showmaterial-5-28 - v3.3\material-examples\show-material\assets\textures\wood_window\ShelfWoodTrim_a_c.TGA' failed
2021-07-13 18:22:48 Load Texture 'E:\showmaterial-5-28 - v3.3\material-examples\show-material\assets\textures\wood_window\ShelfWoodTrim_a_c.TGA' failed
2021-07-13 18:22:48 Load Texture 'E:\showmaterial-5-28 - v3.3\material-examples\show-material\assets\textures\wood_door\Door_a_c.TGA' failed
2021-07-13 18:22:48 Load Texture 'E:\showmaterial-5-28 - v3.3\material-examples\show-material\assets\textures\wall_green\PlasterWall_a_c.TGA' failed
2021-07-13 18:22:48 Load Texture 'E:\showmaterial-5-28 - v3.3\material-examples\show-material\assets\textures\wood_window\ShelfWoodTrim_a_c.TGA' failed
2021-07-13 18:22:48 Load Texture 'E:\showmaterial-5-28 - v3.3\material-examples\show-material\assets\textures\wood_window\ShelfWoodTrim_a_c.TGA' failed
2021-07-13 18:22:48 Load Texture 'E:\showmaterial-5-28 - v3.3\material-examples\show-material\assets\textures\wall_green\PlasterWall_a_c.TGA' failed
2021-07-13 18:22:48 Load Texture 'E:\showmaterial-5-28 - v3.3\material-examples\show-material\assets\textures\wood_wall\WoodPlanksRough_c_c.TGA' failed
2021-07-13 18:22:48 Load Texture 'E:\showmaterial-5-28 - v3.3\material-examples\show-material\assets\textures\deer\DeerStag_c.TGA' failed
2021-07-13 18:22:48 Load Texture 'E:\showmaterial-5-28 - v3.3\material-examples\show-material\assets\textures\wood_window\ShelfWoodTrim_a_c.TGA' failed
2021-07-13 18:22:48 Load Texture 'E:\showmaterial-5-28 - v3.3\material-examples\show-material\assets\textures\wood_wall\WoodPlanksRough_c_c.TGA' failed
2021-07-13 18:22:48 Load Texture 'E:\showmaterial-5-28 - v3.3\material-examples\show-material\assets\textures\wagon\Wagon_a_c.TGA' failed
2021-07-13 18:22:48 Load Texture 'E:\showmaterial-5-28 - v3.3\material-examples\show-material\assets\textures\cooler\Cooler_a_c.TGA' failed
2021-07-13 18:22:49 Texture 'E:\showmaterial-5-28 - v3.3\material-examples\show-material\assets\textures\arabesque_tile_wall\arabesque_tile_wall_basecolor.png' loaded
2021-07-13 18:22:50 Texture 'E:\showmaterial-5-28 - v3.3\material-examples\show-material\assets\textures\bronze_yellow\bronze_yellow_basecolor.png' loaded
2021-07-13 18:22:50 Load Texture 'E:\showmaterial-5-28 - v3.3\material-examples\show-material\assets\textures\wood_cabinet\WoodRough_b_c.TGA' failed
2021-07-13 18:22:50 Load Texture 'E:\showmaterial-5-28 - v3.3\material-examples\show-material\assets\textures\flag\SamRoomFlag_a_c.TGA' failed
2021-07-13 18:22:50 Load Texture 'E:\showmaterial-5-28 - v3.3\material-examples\show-material\assets\textures\army_back_pack\ArmyBackpack_a_c.TGA' failed
2021-07-13 18:22:50 Load Texture 'E:\showmaterial-5-28 - v3.3\material-examples\show-material\assets\textures\wood_window\ShelfWoodTrim_a_c.TGA' failed
2021-07-13 18:22:50 -:Building meshes
2021-07-13 18:22:50 -:Building terrain
2021-07-13 18:22:50 -:Building embree scene
2021-07-13 18:22:50 Start 0

2021-07-13 18:22:50 Build lighting 2

2021-07-13 18:22:56 Build lighting 4

2021-07-13 18:23:01 Build lighting 6

2021-07-13 18:23:05 Build lighting 9

2021-07-13 18:23:11 Build lighting 11

2021-07-13 18:23:16 Build lighting 13

2021-07-13 18:23:19 Build lighting 15

2021-07-13 18:23:21 Build lighting 18

2021-07-13 18:23:26 Build lighting 20

2021-07-13 18:23:31 Build lighting 22

2021-07-13 18:23:34 Build lighting 25

2021-07-13 18:23:49 Build lighting 27

2021-07-13 18:23:54 Build lighting 29

2021-07-13 18:24:34 Build lighting 31

